<?xml version="1.0" encoding="UTF-8"?>
<coverage generated="1532728899001" clover="3.2.0">
  <project timestamp="1532728899001" name="All files">
    <metrics statements="56" coveredstatements="51" conditionals="18" coveredconditionals="16" methods="18" coveredmethods="15" elements="92" coveredelements="82" complexity="0" loc="56" ncloc="56" packages="1" files="1" classes="1">
      <file name="CartParser.js" path="/home/bogus/Node_Projects/BinaryStudioAcademy/cart-parser/src/CartParser.js">
        <metrics statements="56" coveredstatements="51" conditionals="18" coveredconditionals="16" methods="18" coveredmethods="15"/>
        <line num="7" count="11" type="stmt"/>
        <line num="12" count="11" type="stmt"/>
        <line num="18" count="11" type="stmt"/>
        <line num="48" count="1" type="stmt"/>
        <line num="49" count="1" type="stmt"/>
        <line num="51" count="1" type="cond" truecount="1" falsecount="1"/>
        <line num="52" count="1" type="stmt"/>
        <line num="53" count="1" type="stmt"/>
        <line num="57" count="0" type="stmt"/>
        <line num="58" count="0" type="stmt"/>
        <line num="59" count="0" type="stmt"/>
        <line num="61" count="0" type="stmt"/>
        <line num="75" count="1" type="stmt"/>
        <line num="89" count="10" type="stmt"/>
        <line num="90" count="26" type="stmt"/>
        <line num="91" count="10" type="stmt"/>
        <line num="92" count="25" type="stmt"/>
        <line num="94" count="30" type="stmt"/>
        <line num="96" count="10" type="stmt"/>
        <line num="97" count="30" type="stmt"/>
        <line num="98" count="30" type="cond" truecount="2" falsecount="0"/>
        <line num="99" count="4" type="stmt"/>
        <line num="108" count="10" type="stmt"/>
        <line num="109" count="42" type="stmt"/>
        <line num="111" count="15" type="cond" truecount="2" falsecount="0"/>
        <line num="112" count="3" type="stmt"/>
        <line num="118" count="3" type="stmt"/>
        <line num="121" count="12" type="stmt"/>
        <line num="123" count="36" type="stmt"/>
        <line num="124" count="36" type="stmt"/>
        <line num="126" count="36" type="cond" truecount="2" falsecount="1"/>
        <line num="128" count="12" type="cond" truecount="2" falsecount="0"/>
        <line num="129" count="2" type="stmt"/>
        <line num="136" count="12" type="stmt"/>
        <line num="139" count="24" type="stmt"/>
        <line num="140" count="24" type="cond" truecount="2" falsecount="0"/>
        <line num="145" count="3" type="stmt"/>
        <line num="152" count="24" type="stmt"/>
        <line num="154" count="0" type="stmt"/>
        <line num="159" count="10" type="stmt"/>
        <line num="172" count="4" type="stmt"/>
        <line num="173" count="12" type="stmt"/>
        <line num="174" count="12" type="stmt"/>
        <line num="175" count="12" type="stmt"/>
        <line num="176" count="4" type="stmt"/>
        <line num="178" count="4" type="stmt"/>
        <line num="180" count="12" type="stmt"/>
        <line num="181" count="12" type="stmt"/>
        <line num="182" count="12" type="stmt"/>
        <line num="183" count="12" type="cond" truecount="2" falsecount="0"/>
        <line num="185" count="12" type="stmt"/>
        <line num="188" count="4" type="stmt"/>
        <line num="190" count="4" type="stmt"/>
        <line num="201" count="1" type="stmt"/>
        <line num="202" count="2" type="stmt"/>
        <line num="216" count="23" type="stmt"/>
      </file>
    </metrics>
  </project>
</coverage>
