TN:
SF:/home/bogus/Node_Projects/BinaryStudioAcademy/cart-parser/src/CartParser.js
FN:6,(anonymous_0)
FN:46,(anonymous_1)
FN:57,(anonymous_2)
FN:57,(anonymous_3)
FN:58,(anonymous_4)
FN:74,(anonymous_5)
FN:87,(anonymous_6)
FN:90,(anonymous_7)
FN:92,(anonymous_8)
FN:94,(anonymous_9)
FN:109,(anonymous_10)
FN:170,(anonymous_11)
FN:173,(anonymous_12)
FN:174,(anonymous_13)
FN:175,(anonymous_14)
FN:200,(anonymous_15)
FN:202,(anonymous_16)
FN:215,(anonymous_17)
FNF:18
FNH:15
FNDA:11,(anonymous_0)
FNDA:1,(anonymous_1)
FNDA:0,(anonymous_2)
FNDA:0,(anonymous_3)
FNDA:0,(anonymous_4)
FNDA:1,(anonymous_5)
FNDA:10,(anonymous_6)
FNDA:26,(anonymous_7)
FNDA:25,(anonymous_8)
FNDA:30,(anonymous_9)
FNDA:42,(anonymous_10)
FNDA:4,(anonymous_11)
FNDA:12,(anonymous_12)
FNDA:12,(anonymous_13)
FNDA:12,(anonymous_14)
FNDA:1,(anonymous_15)
FNDA:2,(anonymous_16)
FNDA:23,(anonymous_17)
DA:7,11
DA:12,11
DA:18,11
DA:48,1
DA:49,1
DA:51,1
DA:52,1
DA:53,1
DA:57,0
DA:58,0
DA:59,0
DA:61,0
DA:75,1
DA:89,10
DA:90,26
DA:91,10
DA:92,25
DA:94,30
DA:96,10
DA:97,30
DA:98,30
DA:99,4
DA:108,10
DA:109,42
DA:111,15
DA:112,3
DA:118,3
DA:121,12
DA:123,36
DA:124,36
DA:126,36
DA:128,12
DA:129,2
DA:136,12
DA:139,24
DA:140,24
DA:145,3
DA:152,24
DA:154,0
DA:159,10
DA:172,4
DA:173,12
DA:174,12
DA:175,12
DA:176,4
DA:178,4
DA:180,12
DA:181,12
DA:182,12
DA:183,12
DA:185,12
DA:188,4
DA:190,4
DA:201,1
DA:202,2
DA:216,23
LF:56
LH:51
BRDA:51,0,0,1
BRDA:51,0,1,0
BRDA:98,1,0,4
BRDA:98,1,1,26
BRDA:111,2,0,3
BRDA:111,2,1,12
BRDA:126,3,0,12
BRDA:126,3,1,24
BRDA:126,3,2,0
BRDA:128,4,0,2
BRDA:128,4,1,10
BRDA:140,5,0,3
BRDA:140,5,1,21
BRDA:141,6,0,24
BRDA:141,6,1,24
BRDA:141,6,2,22
BRDA:183,7,0,8
BRDA:183,7,1,4
BRF:18
BRH:16
end_of_record
